<?xml version="1.0" encoding="UTF-8"?>
<!-- Generated by org.testng.reporters.JUnitXMLReporter -->
<testsuite hostname="Xiaos-MacBook-Air.local" ignored="0" name="Default test" tests="6" failures="0" timestamp="06 Nov 2018 18:01:52 GMT" time="49.174" errors="0">
  <testcase name="test1Func" time="3.017" classname="qa.test.testcases.HomePageTest"/>
  <testcase name="test2Func" time="6.054" classname="qa.test.testcases.HomePageTest"/>
  <testcase name="test3Func" time="6.04" classname="qa.test.testcases.HomePageTest"/>
  <testcase name="test4Func" time="6.041" classname="qa.test.testcases.HomePageTest"/>
  <testcase name="test5Func" time="6.043" classname="qa.test.testcases.HomePageTest"/>
  <testcase name="test6Func" time="6.038" classname="qa.test.testcases.HomePageTest"/>
</testsuite> <!-- Default test -->
