<?xml version="1.0" encoding="UTF-8"?>
<!-- Generated by org.testng.reporters.JUnitXMLReporter -->
<testsuite hostname="Xiaos-MacBook-Air.local" ignored="0" name="Default test" tests="6" failures="0" timestamp="07 Nov 2018 18:37:00 GMT" time="37.266" errors="0">
  <testcase name="test1Func" time="2.444" classname="qa.test.testcases.HomePageTest"/>
  <testcase name="test2Func" time="2.179" classname="qa.test.testcases.HomePageTest"/>
  <testcase name="test3Func" time="4.31" classname="qa.test.testcases.HomePageTest"/>
  <testcase name="test4Func" time="2.125" classname="qa.test.testcases.HomePageTest"/>
  <testcase name="test5Func" time="9.62" classname="qa.test.testcases.HomePageTest"/>
  <testcase name="test6Func" time="2.146" classname="qa.test.testcases.HomePageTest"/>
</testsuite> <!-- Default test -->
