<?xml version="1.0" encoding="UTF-8"?>
<!-- Generated by org.testng.reporters.JUnitXMLReporter -->
<testsuite hostname="Xiaos-MacBook-Air.local" ignored="0" name="QA Test" tests="6" failures="0" timestamp="07 Nov 2018 18:40:18 GMT" time="37.767" errors="0">
  <testcase name="test1Func" time="2.526" classname="qa.test.testcases.HomePageTest"/>
  <testcase name="test2Func" time="2.164" classname="qa.test.testcases.HomePageTest"/>
  <testcase name="test3Func" time="4.248" classname="qa.test.testcases.HomePageTest"/>
  <testcase name="test4Func" time="2.166" classname="qa.test.testcases.HomePageTest"/>
  <testcase name="test5Func" time="9.644" classname="qa.test.testcases.HomePageTest"/>
  <testcase name="test6Func" time="2.144" classname="qa.test.testcases.HomePageTest"/>
</testsuite> <!-- QA Test -->
