<?xml version="1.0" encoding="UTF-8"?>
<testng-results skipped="0" failed="0" ignored="0" total="6" passed="6">
  <reporter-output>
  </reporter-output>
  <suite name="Default suite" duration-ms="49174" started-at="2018-11-06T18:01:02Z" finished-at="2018-11-06T18:01:52Z">
    <groups>
    </groups>
    <test name="Default test" duration-ms="49174" started-at="2018-11-06T18:01:02Z" finished-at="2018-11-06T18:01:52Z">
      <class name="qa.test.testcases.HomePageTest">
        <test-method status="PASS" signature="beforeMethod()[pri:0, instance:qa.test.testcases.HomePageTest@4b9e13df]" name="beforeMethod" is-config="true" duration-ms="3526" started-at="2018-11-06T18:01:02Z" finished-at="2018-11-06T18:01:06Z">
          <reporter-output>
          </reporter-output>
        </test-method> <!-- beforeMethod -->
        <test-method status="PASS" signature="test1Func()[pri:0, instance:qa.test.testcases.HomePageTest@4b9e13df]" name="test1Func" duration-ms="3017" started-at="2018-11-06T18:01:06Z" finished-at="2018-11-06T18:01:09Z">
          <reporter-output>
          </reporter-output>
        </test-method> <!-- test1Func -->
        <test-method status="PASS" signature="afterMethod()[pri:0, instance:qa.test.testcases.HomePageTest@4b9e13df]" name="afterMethod" is-config="true" duration-ms="106" started-at="2018-11-06T18:01:09Z" finished-at="2018-11-06T18:01:09Z">
          <reporter-output>
          </reporter-output>
        </test-method> <!-- afterMethod -->
        <test-method status="PASS" signature="beforeMethod()[pri:0, instance:qa.test.testcases.HomePageTest@4b9e13df]" name="beforeMethod" is-config="true" duration-ms="2431" started-at="2018-11-06T18:01:09Z" finished-at="2018-11-06T18:01:12Z">
          <reporter-output>
          </reporter-output>
        </test-method> <!-- beforeMethod -->
        <test-method status="PASS" signature="test2Func()[pri:0, instance:qa.test.testcases.HomePageTest@4b9e13df]" name="test2Func" duration-ms="6054" started-at="2018-11-06T18:01:12Z" finished-at="2018-11-06T18:01:18Z">
          <reporter-output>
          </reporter-output>
        </test-method> <!-- test2Func -->
        <test-method status="PASS" signature="afterMethod()[pri:0, instance:qa.test.testcases.HomePageTest@4b9e13df]" name="afterMethod" is-config="true" duration-ms="111" started-at="2018-11-06T18:01:18Z" finished-at="2018-11-06T18:01:18Z">
          <reporter-output>
          </reporter-output>
        </test-method> <!-- afterMethod -->
        <test-method status="PASS" signature="beforeMethod()[pri:0, instance:qa.test.testcases.HomePageTest@4b9e13df]" name="beforeMethod" is-config="true" duration-ms="2418" started-at="2018-11-06T18:01:18Z" finished-at="2018-11-06T18:01:20Z">
          <reporter-output>
          </reporter-output>
        </test-method> <!-- beforeMethod -->
        <test-method status="PASS" signature="test3Func()[pri:0, instance:qa.test.testcases.HomePageTest@4b9e13df]" name="test3Func" duration-ms="6040" started-at="2018-11-06T18:01:20Z" finished-at="2018-11-06T18:01:26Z">
          <reporter-output>
          </reporter-output>
        </test-method> <!-- test3Func -->
        <test-method status="PASS" signature="afterMethod()[pri:0, instance:qa.test.testcases.HomePageTest@4b9e13df]" name="afterMethod" is-config="true" duration-ms="101" started-at="2018-11-06T18:01:26Z" finished-at="2018-11-06T18:01:26Z">
          <reporter-output>
          </reporter-output>
        </test-method> <!-- afterMethod -->
        <test-method status="PASS" signature="beforeMethod()[pri:0, instance:qa.test.testcases.HomePageTest@4b9e13df]" name="beforeMethod" is-config="true" duration-ms="2376" started-at="2018-11-06T18:01:26Z" finished-at="2018-11-06T18:01:29Z">
          <reporter-output>
          </reporter-output>
        </test-method> <!-- beforeMethod -->
        <test-method status="PASS" signature="test4Func()[pri:0, instance:qa.test.testcases.HomePageTest@4b9e13df]" name="test4Func" duration-ms="6041" started-at="2018-11-06T18:01:29Z" finished-at="2018-11-06T18:01:35Z">
          <reporter-output>
          </reporter-output>
        </test-method> <!-- test4Func -->
        <test-method status="PASS" signature="afterMethod()[pri:0, instance:qa.test.testcases.HomePageTest@4b9e13df]" name="afterMethod" is-config="true" duration-ms="101" started-at="2018-11-06T18:01:35Z" finished-at="2018-11-06T18:01:35Z">
          <reporter-output>
          </reporter-output>
        </test-method> <!-- afterMethod -->
        <test-method status="PASS" signature="beforeMethod()[pri:0, instance:qa.test.testcases.HomePageTest@4b9e13df]" name="beforeMethod" is-config="true" duration-ms="2437" started-at="2018-11-06T18:01:35Z" finished-at="2018-11-06T18:01:37Z">
          <reporter-output>
          </reporter-output>
        </test-method> <!-- beforeMethod -->
        <test-method status="PASS" signature="test5Func()[pri:0, instance:qa.test.testcases.HomePageTest@4b9e13df]" name="test5Func" duration-ms="6043" started-at="2018-11-06T18:01:37Z" finished-at="2018-11-06T18:01:43Z">
          <reporter-output>
          </reporter-output>
        </test-method> <!-- test5Func -->
        <test-method status="PASS" signature="afterMethod()[pri:0, instance:qa.test.testcases.HomePageTest@4b9e13df]" name="afterMethod" is-config="true" duration-ms="138" started-at="2018-11-06T18:01:43Z" finished-at="2018-11-06T18:01:43Z">
          <reporter-output>
          </reporter-output>
        </test-method> <!-- afterMethod -->
        <test-method status="PASS" signature="beforeMethod()[pri:0, instance:qa.test.testcases.HomePageTest@4b9e13df]" name="beforeMethod" is-config="true" duration-ms="2050" started-at="2018-11-06T18:01:43Z" finished-at="2018-11-06T18:01:45Z">
          <reporter-output>
          </reporter-output>
        </test-method> <!-- beforeMethod -->
        <test-method status="PASS" signature="test6Func()[pri:0, instance:qa.test.testcases.HomePageTest@4b9e13df]" name="test6Func" duration-ms="6038" started-at="2018-11-06T18:01:45Z" finished-at="2018-11-06T18:01:52Z">
          <reporter-output>
          </reporter-output>
        </test-method> <!-- test6Func -->
        <test-method status="PASS" signature="afterMethod()[pri:0, instance:qa.test.testcases.HomePageTest@4b9e13df]" name="afterMethod" is-config="true" duration-ms="98" started-at="2018-11-06T18:01:52Z" finished-at="2018-11-06T18:01:52Z">
          <reporter-output>
          </reporter-output>
        </test-method> <!-- afterMethod -->
      </class> <!-- qa.test.testcases.HomePageTest -->
    </test> <!-- Default test -->
  </suite> <!-- Default suite -->
</testng-results>
