<?xml version="1.0" encoding="UTF-8"?>
<testng-results skipped="0" failed="0" ignored="0" total="2" passed="2">
  <reporter-output>
  </reporter-output>
  <suite name="Default suite" duration-ms="65" started-at="2018-11-06T15:52:40Z" finished-at="2018-11-06T15:52:40Z">
    <groups>
    </groups>
    <test name="Default test" duration-ms="65" started-at="2018-11-06T15:52:40Z" finished-at="2018-11-06T15:52:40Z">
      <class name="qa.test.testcases.BaseTest">
        <test-method status="PASS" signature="beforeMethod()[pri:0, instance:qa.test.testcases.BaseTest@5c7fa833]" name="beforeMethod" is-config="true" duration-ms="8" started-at="2018-11-06T15:52:40Z" finished-at="2018-11-06T15:52:40Z">
          <reporter-output>
          </reporter-output>
        </test-method> <!-- beforeMethod -->
        <test-method status="PASS" signature="f(java.lang.Integer, java.lang.String)[pri:0, instance:qa.test.testcases.BaseTest@5c7fa833]" name="f" duration-ms="10" started-at="2018-11-06T15:52:40Z" data-provider="dp" finished-at="2018-11-06T15:52:40Z">
          <params>
            <param index="0">
              <value>
                <![CDATA[1]]>
              </value>
            </param>
            <param index="1">
              <value>
                <![CDATA[a]]>
              </value>
            </param>
          </params>
          <reporter-output>
          </reporter-output>
        </test-method> <!-- f -->
        <test-method status="PASS" signature="afterMethod()[pri:0, instance:qa.test.testcases.BaseTest@5c7fa833]" name="afterMethod" is-config="true" duration-ms="1" started-at="2018-11-06T15:52:40Z" finished-at="2018-11-06T15:52:40Z">
          <reporter-output>
          </reporter-output>
        </test-method> <!-- afterMethod -->
        <test-method status="PASS" signature="beforeMethod()[pri:0, instance:qa.test.testcases.BaseTest@5c7fa833]" name="beforeMethod" is-config="true" duration-ms="0" started-at="2018-11-06T15:52:40Z" finished-at="2018-11-06T15:52:40Z">
          <reporter-output>
          </reporter-output>
        </test-method> <!-- beforeMethod -->
        <test-method status="PASS" signature="f(java.lang.Integer, java.lang.String)[pri:0, instance:qa.test.testcases.BaseTest@5c7fa833]" name="f" duration-ms="1" started-at="2018-11-06T15:52:40Z" data-provider="dp" finished-at="2018-11-06T15:52:40Z">
          <params>
            <param index="0">
              <value>
                <![CDATA[2]]>
              </value>
            </param>
            <param index="1">
              <value>
                <![CDATA[b]]>
              </value>
            </param>
          </params>
          <reporter-output>
          </reporter-output>
        </test-method> <!-- f -->
        <test-method status="PASS" signature="afterMethod()[pri:0, instance:qa.test.testcases.BaseTest@5c7fa833]" name="afterMethod" is-config="true" duration-ms="0" started-at="2018-11-06T15:52:40Z" finished-at="2018-11-06T15:52:40Z">
          <reporter-output>
          </reporter-output>
        </test-method> <!-- afterMethod -->
      </class> <!-- qa.test.testcases.BaseTest -->
    </test> <!-- Default test -->
  </suite> <!-- Default suite -->
</testng-results>
